<?xml version="1.0" encoding="UTF-8"?>
<!-- Generated by org.testng.reporters.JUnitReportReporter -->
<testsuite hostname="DESKTOP-U8J645I" failures="0" tests="1" name="testCases.HomePageTest" time="15.175" errors="0" timestamp="2024-07-08T20:27:42 IST" skipped="0">
  <testcase classname="testCases.HomePageTest" name="VerifyTheDiscoverMoreBtn" time="15.175"/>
</testsuite> <!-- testCases.HomePageTest -->
